#
# There is insufficient memory for the Java Runtime Environment to continue.
# Native memory allocation (mmap) failed to map 67108864 bytes. Error detail: G1 virtual space
# Possible reasons:
#   The system is out of physical RAM or swap space
#   This process is running with CompressedOops enabled, and the Java Heap may be blocking the growth of the native heap
# Possible solutions:
#   Reduce memory load on the system
#   Increase physical memory or swap space
#   Check if swap backing store is full
#   Decrease Java heap size (-Xmx/-Xms)
#   Decrease number of Java threads
#   Decrease Java thread stack sizes (-Xss)
#   Set larger code cache with -XX:ReservedCodeCacheSize=
#   JVM is running with Unscaled Compressed Oops mode in which the Java heap is
#     placed in the first 4GB address space. The Java Heap base address is the
#     maximum limit for the native heap growth. Please use -XX:HeapBaseMinAddress
#     to set the Java Heap base and to place the Java Heap above 4GB virtual address.
# This output file may be truncated or incomplete.
#
#  Out of Memory Error (os_windows.cpp:3631), pid=20848, tid=15504
#
# JRE version:  (22.0.1+8) (build )
# Java VM: Java HotSpot(TM) 64-Bit Server VM (22.0.1+8-16, mixed mode, sharing, tiered, compressed oops, compressed class ptrs, g1 gc, windows-amd64)
# No core dump will be written. Minidumps are not enabled by default on client versions of Windows
#

---------------  S U M M A R Y ------------

Command Line: -Dfile.encoding=UTF-8 -XX:+ShowCodeDetailsInExceptionMessages ui.GiaoDienThanhToan2

Host: Intel(R) Core(TM) i3-8130U CPU @ 2.20GHz, 4 cores, 3G,  Windows 11 , 64 bit Build 22621 (10.0.22621.3374)
Time: Sat May  4 18:07:15 2024 SE Asia Standard Time elapsed time: 0.288693 seconds (0d 0h 0m 0s)

---------------  T H R E A D  ---------------

Current thread (0x0000018fc517c5a0):  JavaThread "Unknown thread" [_thread_in_vm, id=15504, stack(0x000000638bd00000,0x000000638be00000) (1024K)]

Stack: [0x000000638bd00000,0x000000638be00000]
Native frames: (J=compiled Java code, j=interpreted, Vv=VM code, C=native code)
V  [jvm.dll+0x6e2279]  (no source info available)
V  [jvm.dll+0x874e33]  (no source info available)
V  [jvm.dll+0x87725e]  (no source info available)
V  [jvm.dll+0x877933]  (no source info available)
V  [jvm.dll+0x27fd76]  (no source info available)
V  [jvm.dll+0x6de915]  (no source info available)
V  [jvm.dll+0x6d341a]  (no source info available)
V  [jvm.dll+0x3589da]  (no source info available)
V  [jvm.dll+0x360f06]  (no source info available)
V  [jvm.dll+0x3b3e2e]  (no source info available)
V  [jvm.dll+0x3b40d8]  (no source info available)
V  [jvm.dll+0x32c59c]  (no source info available)
V  [jvm.dll+0x32d158]  (no source info available)
V  [jvm.dll+0x83ccdc]  (no source info available)
V  [jvm.dll+0x3c0d71]  (no source info available)
V  [jvm.dll+0x825ccc]  (no source info available)
V  [jvm.dll+0x45b8fe]  (no source info available)
V  [jvm.dll+0x45d781]  (no source info available)
C  [jli.dll+0x52a3]  (no source info available)
C  [ucrtbase.dll+0x29333]  (no source info available)
C  [KERNEL32.DLL+0x1257d]  (no source info available)
C  [ntdll.dll+0x5aa48]  (no source info available)


---------------  P R O C E S S  ---------------

Threads class SMR info:
_java_thread_list=0x00007ffd06d3b1c8, length=0, elements={
}

Java Threads: ( => current thread )
Total: 0

Other Threads:
  0x0000018fc735e510 WorkerThread "GC Thread#0"                     [id=6728, stack(0x000000638be00000,0x000000638bf00000) (1024K)]
  0x0000018fc73689a0 ConcurrentGCThread "G1 Main Marker"            [id=9588, stack(0x000000638bf00000,0x000000638c000000) (1024K)]
  0x0000018fc7369e00 WorkerThread "G1 Conc#0"                       [id=20756, stack(0x000000638c000000,0x000000638c100000) (1024K)]

[error occurred during error reporting (printing all threads), id 0xc0000005, EXCEPTION_ACCESS_VIOLATION (0xc0000005) at pc=0x00007ffd0648f367]
VM state: not at safepoint (not fully initialized)

VM Mutex/Monitor currently owned by a thread:  ([mutex/lock_event])
[0x00007ffd06dbbcb8] Heap_lock - owner thread: 0x0000018fc517c5a0

Heap address: 0x00000000c1c00000, size: 996 MB, Compressed Oops mode: 32-bit

CDS archive(s) mapped at: [0x0000000000000000-0x0000000000000000-0x0000000000000000), size 0, SharedBaseAddress: 0x0000000800000000, ArchiveRelocationMode: 1.
Narrow klass base: 0x0000000000000000, Narrow klass shift: 0, Narrow klass range: 0x0

GC Precious Log:
 CardTable entry size: 512
 Card Set container configuration: InlinePtr #cards 5 size 8 Array Of Cards #cards 12 size 40 Howl #buckets 4 coarsen threshold 1843 Howl Bitmap #cards 512 size 80 coarsen threshold 460 Card regions per heap region 1 cards per card region 2048

Heap:
 garbage-first heap   total reserved 1019904K, committed 0K, used 0K [0x00000000c1c00000, 0x0000000100000000)
  region size 1024K, 0 young (0K), 0 survivors (0K)

[error occurred during error reporting (printing heap information), id 0xc0000005, EXCEPTION_ACCESS_VIOLATION (0xc0000005) at pc=0x00007ffd0688e429]
GC Heap History (0 events):
No events

Dll operation events (1 events):
Event: 0.055 Loaded shared library C:\Program Files\Java\jdk-22\bin\java.dll

Deoptimization events (0 events):
No events

Classes loaded (0 events):
No events

Classes unloaded (0 events):
No events

Classes redefined (0 events):
No events

Internal exceptions (0 events):
No events

ZGC Phase Switch (0 events):
No events

VM Operations (0 events):
No events

Events (0 events):
No events


Dynamic libraries:
0x00007ff76ce90000 - 0x00007ff76cea0000 	C:\Program Files\Java\jdk-22\bin\javaw.exe
0x00007ffd53730000 - 0x00007ffd53946000 	C:\WINDOWS\SYSTEM32\ntdll.dll
0x00007ffd51dc0000 - 0x00007ffd51e84000 	C:\WINDOWS\System32\KERNEL32.DLL
0x00007ffd50db0000 - 0x00007ffd51157000 	C:\WINDOWS\System32\KERNELBASE.dll
0x00007ffd50c20000 - 0x00007ffd50d31000 	C:\WINDOWS\System32\ucrtbase.dll
0x00007ffd45510000 - 0x00007ffd45527000 	C:\Program Files\Java\jdk-22\bin\jli.dll
0x00007ffd52580000 - 0x00007ffd52632000 	C:\WINDOWS\System32\ADVAPI32.dll
0x00007ffd51460000 - 0x00007ffd51507000 	C:\WINDOWS\System32\msvcrt.dll
0x00007ffd52090000 - 0x00007ffd52138000 	C:\WINDOWS\System32\sechost.dll
0x00007ffd50bf0000 - 0x00007ffd50c18000 	C:\WINDOWS\System32\bcrypt.dll
0x00007ffd517a0000 - 0x00007ffd518b5000 	C:\WINDOWS\System32\RPCRT4.dll
0x00007ffd52ea0000 - 0x00007ffd5304e000 	C:\WINDOWS\System32\USER32.dll
0x00007ffd50bc0000 - 0x00007ffd50be6000 	C:\WINDOWS\System32\win32u.dll
0x00007ffd51510000 - 0x00007ffd51539000 	C:\WINDOWS\System32\GDI32.dll
0x00007ffd51220000 - 0x00007ffd51339000 	C:\WINDOWS\System32\gdi32full.dll
0x00007ffd513c0000 - 0x00007ffd5145a000 	C:\WINDOWS\System32\msvcp_win.dll
0x00007ffd316d0000 - 0x00007ffd31963000 	C:\WINDOWS\WinSxS\amd64_microsoft.windows.common-controls_6595b64144ccf1df_6.0.22621.3235_none_270f74e173860f98\COMCTL32.dll
0x00007ffd3f9b0000 - 0x00007ffd3f9ba000 	C:\WINDOWS\SYSTEM32\VERSION.dll
0x00007ffd3fcf0000 - 0x00007ffd3fd0b000 	C:\Program Files\Java\jdk-22\bin\VCRUNTIME140.dll
0x00007ffd51700000 - 0x00007ffd51731000 	C:\WINDOWS\System32\IMM32.DLL
0x00007ffd4bbd0000 - 0x00007ffd4bbdc000 	C:\Program Files\Java\jdk-22\bin\vcruntime140_1.dll
0x00007ffd36290000 - 0x00007ffd3631e000 	C:\Program Files\Java\jdk-22\bin\msvcp140.dll
0x00007ffd06150000 - 0x00007ffd06e97000 	C:\Program Files\Java\jdk-22\bin\server\jvm.dll
0x00007ffd53050000 - 0x00007ffd530c1000 	C:\WINDOWS\System32\WS2_32.dll
0x00007ffd50920000 - 0x00007ffd5096d000 	C:\WINDOWS\SYSTEM32\POWRPROF.dll
0x00007ffd44450000 - 0x00007ffd44484000 	C:\WINDOWS\SYSTEM32\WINMM.dll
0x00007ffd50900000 - 0x00007ffd50913000 	C:\WINDOWS\SYSTEM32\UMPDC.dll
0x00007ffd4fa90000 - 0x00007ffd4faa8000 	C:\WINDOWS\SYSTEM32\kernel.appcore.dll
0x00007ffd4b8d0000 - 0x00007ffd4b8da000 	C:\Program Files\Java\jdk-22\bin\jimage.dll
0x00007ffd4e480000 - 0x00007ffd4e6b3000 	C:\WINDOWS\SYSTEM32\DBGHELP.DLL
0x00007ffd518c0000 - 0x00007ffd51c48000 	C:\WINDOWS\System32\combase.dll
0x00007ffd522a0000 - 0x00007ffd52377000 	C:\WINDOWS\System32\OLEAUT32.dll
0x00007ffd38ab0000 - 0x00007ffd38ae2000 	C:\WINDOWS\SYSTEM32\dbgcore.DLL
0x00007ffd51340000 - 0x00007ffd513b9000 	C:\WINDOWS\System32\bcryptPrimitives.dll
0x00007ffd3fb80000 - 0x00007ffd3fb9e000 	C:\Program Files\Java\jdk-22\bin\java.dll
0x00007ffd52640000 - 0x00007ffd52e9c000 	C:\WINDOWS\System32\SHELL32.dll
0x00007ffd51540000 - 0x00007ffd516e5000 	C:\WINDOWS\System32\ole32.dll

dbghelp: loaded successfully - version: 4.0.5 - missing functions: none
symbol engine: initialized successfully - sym options: 0x614 - pdb path: .;C:\Program Files\Java\jdk-22\bin;C:\WINDOWS\SYSTEM32;C:\WINDOWS\WinSxS\amd64_microsoft.windows.common-controls_6595b64144ccf1df_6.0.22621.3235_none_270f74e173860f98;C:\Program Files\Java\jdk-22\bin\server

VM Arguments:
jvm_args: -Dfile.encoding=UTF-8 -XX:+ShowCodeDetailsInExceptionMessages 
java_command: ui.GiaoDienThanhToan2
java_class_path (initial): D:\JAVA\BaiTapNhom\N21_QuanLyBanVeRapChieuPhim\bin;D:\JAVA\BaiTapNhom\N21_QuanLyBanVeRapChieuPhim\lib\sqljdbc42.jar;D:\JAVA\BaiTapNhom\N21_QuanLyBanVeRapChieuPhim\lib\jcalendar-1.4.jar
Launcher Type: SUN_STANDARD

[Global flags]
     intx CICompilerCount                          = 3                                         {product} {ergonomic}
     uint ConcGCThreads                            = 1                                         {product} {ergonomic}
     uint G1ConcRefinementThreads                  = 4                                         {product} {ergonomic}
   size_t G1HeapRegionSize                         = 1048576                                   {product} {ergonomic}
   size_t InitialHeapSize                          = 67108864                                  {product} {ergonomic}
   size_t MarkStackSize                            = 4194304                                   {product} {ergonomic}
   size_t MaxHeapSize                              = 1044381696                                {product} {ergonomic}
   size_t MinHeapDeltaBytes                        = 1048576                                   {product} {ergonomic}
   size_t MinHeapSize                              = 8388608                                   {product} {ergonomic}
    uintx NonNMethodCodeHeapSize                   = 5832780                                {pd product} {ergonomic}
    uintx NonProfiledCodeHeapSize                  = 122912730                              {pd product} {ergonomic}
    uintx ProfiledCodeHeapSize                     = 122912730                              {pd product} {ergonomic}
    uintx ReservedCodeCacheSize                    = 251658240                              {pd product} {ergonomic}
     bool SegmentedCodeCache                       = true                                      {product} {ergonomic}
     bool ShowCodeDetailsInExceptionMessages       = true                                   {manageable} {command line}
   size_t SoftMaxHeapSize                          = 1044381696                             {manageable} {ergonomic}
     bool UseCompressedOops                        = true                           {product lp64_product} {ergonomic}
     bool UseG1GC                                  = true                                      {product} {ergonomic}
     bool UseLargePagesIndividualAllocation        = false                                  {pd product} {ergonomic}

Logging:
Log output configuration:
 #0: stdout all=warning uptime,level,tags foldmultilines=false
 #1: stderr all=off uptime,level,tags foldmultilines=false

Environment Variables:
JAVA_HOME=C:\Program Files\Java\jdk-22\bin
PATH=C:\Program Files\Eclipse Adoptium\jdk-21.0.3.9-hotspot\bin;C:\Program Files\Common Files\Oracle\Java\javapath;C:\Program Files (x86)\VMware\VMware Workstation\bin\;C:\Program Files (x86)\Intel\Intel(R) Management Engine Components\iCLS\;C:\Program Files\Intel\Intel(R) Management Engine Components\iCLS\;C:\WINDOWS\system32;C:\WINDOWS;C:\WINDOWS\System32\Wbem;C:\WINDOWS\System32\WindowsPowerShell\v1.0\;C:\WINDOWS\System32\OpenSSH\;C:\Program Files (x86)\Intel\Intel(R) Management Engine Components\DAL;C:\Program Files\Intel\Intel(R) Management Engine Components\DAL;C:\Program Files (x86)\Intel\Intel(R) Management Engine Components\IPT;C:\Program Files\Intel\Intel(R) Management Engine Components\IPT;C:\Program Files\Intel\WiFi\bin\;C:\Program Files\Common Files\Intel\WirelessCommon\;C:\Java\jdk-20\bin;C:\Program Files (x86)\Microsoft SQL Server\160\Tools\Binn\;C:\Program Files\Microsoft SQL Server\160\Tools\Binn\;C:\Program Files\Microsoft SQL Server\Client SDK\ODBC\170\Tools\Binn\;C:\Program Files\Microsoft SQL Server\160\DTS\Binn\;C:\Program Files (x86)\Microsoft SQL Server\110\Tools\Binn\;C:\Program Files\Microsoft SQL Server\110\Tools\Binn\;C:\Program Files\Microsoft SQL Server\110\DTS\Binn\;C:\Program Files (x86)\Microsoft SQL Server\110\Tools\Binn\ManagementStudio\;C:\Program Files (x86)\Microsoft SQL Server\110\DTS\Binn\;C:\Program Files (x86)\Microsoft SQL Server\160\DTS\Binn\;C:\Program Files\Azure Data Studio\bin;D:\DownloadApps\git\Git\cmd;D:\DownloadApps\bin;D:\DownloadApps\MongoBDTool\bin;C:\Program Files\Java\jdk-22\bin;C:\Users\Thuy\AppData\Local\Microsoft\WindowsApps;C:\Users\Thuy\AppData\Local\Microsoft VS Code\bin;C:\Program Files\JetBrains\IntelliJ IDEA 2023.2\bin;;C:\Program Files\Azure Data Studio\bin;C:\Users\Thuy\AppData\Local\Programs\mongosh\;
USERNAME=Thuy
OS=Windows_NT
PROCESSOR_IDENTIFIER=Intel64 Family 6 Model 142 Stepping 10, GenuineIntel
TMP=C:\Users\Thuy\AppData\Local\Temp
TEMP=C:\Users\Thuy\AppData\Local\Temp




Periodic native trim disabled

---------------  S Y S T E M  ---------------

OS:
 Windows 11 , 64 bit Build 22621 (10.0.22621.3374)
OS uptime: 5 days 22:40 hours

CPU: total 4 (initial active 4) (2 cores per cpu, 2 threads per core) family 6 model 142 stepping 10 microcode 0xe0, cx8, cmov, fxsr, ht, mmx, 3dnowpref, sse, sse2, sse3, ssse3, sse4.1, sse4.2, popcnt, lzcnt, tsc, tscinvbit, avx, avx2, aes, erms, clmul, bmi1, bmi2, adx, fma, vzeroupper, clflush, clflushopt, rdtscp, f16c
Processor Information for all 4 processors :
  Max Mhz: 2208, Current Mhz: 2208, Mhz Limit: 2208

Memory: 4k page, system-wide physical 3979M (318M free)
TotalPageFile size 16267M (AvailPageFile size 48M)
current process WorkingSet (physical memory assigned to process): 11M, peak: 11M
current process commit charge ("private bytes"): 52M, peak: 115M

vm_info: Java HotSpot(TM) 64-Bit Server VM (22.0.1+8-16) for windows-amd64 JRE (22.0.1+8-16), built on 2024-03-12T10:33:16Z by "mach5one" with MS VC++ 17.6 (VS2022)

END.
